Using pre-set license
Built from '2021.1/china_unity/release' branch; Version is '2021.1.0f1c1 (cd437fc7d72d) revision 13452159'; Using compiler version '192528614'; Build Type 'Release'
OS: 'Windows 10 Pro; OS build 17763.1098; Version 1809; 64bit' Language: 'zh' Physical Memory: 16002 MB
BatchMode: 1, IsHumanControllingUs: 0, StartBugReporterOnCrash: 0, Is64bit: 1, IsPro: 0

 COMMAND LINE ARGUMENTS:
C:\Program Files\Unity\Hub\Editor\2021.1.0f1c1\Editor\Unity.exe
-adb2
-batchMode
-noUpm
-name
AssetImportWorker0
-projectPath
F:/work/Unity/ProjectW/MainProject
-logFile
Logs/AssetImportWorker0.log
-srvPort
5943
Successfully changed project path to: F:/work/Unity/ProjectW/MainProject
F:/work/Unity/ProjectW/MainProject
Using Asset Import Pipeline V2.
Refreshing native plugins compatible for Editor in 401.78 ms, found 2 plugins.
Preloading 0 native plugins for Editor in 0.00 ms.
Initialize engine version: 2021.1.0f1c1 (cd437fc7d72d)
[Subsystems] Discovering subsystems at path C:/Program Files/Unity/Hub/Editor/2021.1.0f1c1/Editor/Data/Resources/UnitySubsystems
[Subsystems] Discovering subsystems at path F:/work/Unity/ProjectW/MainProject/Assets
GfxDevice: creating device client; threaded=0; jobified=0
Direct3D:
    Version:  Direct3D 11.0 [level 11.1]
    Renderer: AMD Radeon(TM) Vega 8 Graphics (ID=0x15dd)
    Vendor:   ATI
    VRAM:     8001 MB
    Driver:   26.20.12001.7006
Shader 'Universal Render Pipeline/Particles/Lit': fallback shader 'Universal Render Pipeline/Particles/SimpleLit' not found
Initialize mono
Mono path[0] = 'C:/Program Files/Unity/Hub/Editor/2021.1.0f1c1/Editor/Data/Managed'
Mono path[1] = 'C:/Program Files/Unity/Hub/Editor/2021.1.0f1c1/Editor/Data/MonoBleedingEdge/lib/mono/unityjit'
Mono config path = 'C:/Program Files/Unity/Hub/Editor/2021.1.0f1c1/Editor/Data/MonoBleedingEdge/etc'
Using monoOptions --debugger-agent=transport=dt_socket,embedding=1,server=y,suspend=n,address=127.0.0.1:56492
Begin MonoManager ReloadAssembly
Registering precompiled unity dll's ...
Register platform support module: C:/Program Files/Unity/Hub/Editor/2021.1.0f1c1/Editor/Data/PlaybackEngines/WindowsStandaloneSupport/UnityEditor.WindowsStandalone.Extensions.dll
Registered in 0.038462 seconds.
Native extension for WindowsStandalone target not found
Refreshing native plugins compatible for Editor in 399.59 ms, found 2 plugins.
Preloading 0 native plugins for Editor in 0.00 ms.
Mono: successfully reloaded assembly
- Completed reload, in  5.315 seconds
Platform modules already initialized, skipping
Registering precompiled user dll's ...
Registered in 0.007843 seconds.
Begin MonoManager ReloadAssembly
Native extension for WindowsStandalone target not found
Refreshing native plugins compatible for Editor in 287.91 ms, found 2 plugins.
Preloading 0 native plugins for Editor in 0.00 ms.
Mono: successfully reloaded assembly
- Completed reload, in  3.494 seconds
Platform modules already initialized, skipping
========================================================================
Worker process is ready to serve import requests
Shader 'Universal Render Pipeline/Particles/Lit': fallback shader 'Universal Render Pipeline/Particles/SimpleLit' not found
Launched and connected shader compiler UnityShaderCompiler.exe after 0.17 seconds
Refreshing native plugins compatible for Editor in 1.68 ms, found 2 plugins.
Preloading 0 native plugins for Editor in 0.00 ms.
Unloading 4734 Unused Serialized files (Serialized files now loaded: 0)
System memory in use before: 198.8 MB.
System memory in use after: 199.1 MB.

Unloading 24 unused Assets to reduce memory usage. Loaded Objects now: 5213.
Total: 5.607000 ms (FindLiveObjects: 0.831700 ms CreateObjectMapping: 0.379500 ms MarkObjects: 4.348000 ms  DeleteObjects: 0.046200 ms)

========================================================================
Received Import Request.
  path: Assets/Script/Managers/GameManager.cs
  artifactKey: Guid(29378b155ed206246b55989bb8b3426f) Importer(815301076,1909f56bfc062723c751e8b465ee728b)
Start importing Assets/Script/Managers/GameManager.cs using Guid(29378b155ed206246b55989bb8b3426f) Importer(815301076,1909f56bfc062723c751e8b465ee728b)  -> (artifact id: '820d71fb0ef4956a6ed84d5a7f4bf105') in 0.072602 seconds 
========================================================================
Received Prepare
Registering precompiled user dll's ...
Registered in 0.006889 seconds.
Begin MonoManager ReloadAssembly
Native extension for WindowsStandalone target not found
Refreshing native plugins compatible for Editor in 1.92 ms, found 2 plugins.
Preloading 0 native plugins for Editor in 0.00 ms.
Mono: successfully reloaded assembly
- Completed reload, in  3.107 seconds
Platform modules already initialized, skipping
Shader 'Universal Render Pipeline/Particles/Lit': fallback shader 'Universal Render Pipeline/Particles/SimpleLit' not found
Refreshing native plugins compatible for Editor in 1.19 ms, found 2 plugins.
Preloading 0 native plugins for Editor in 0.00 ms.
Unloading 4617 Unused Serialized files (Serialized files now loaded: 0)
System memory in use before: 192.5 MB.
System memory in use after: 192.8 MB.

Unloading 13 unused Assets to reduce memory usage. Loaded Objects now: 5217.
Total: 5.273200 ms (FindLiveObjects: 0.731500 ms CreateObjectMapping: 0.458300 ms MarkObjects: 4.047900 ms  DeleteObjects: 0.033500 ms)

========================================================================
Received Prepare
Registering precompiled user dll's ...
Registered in 0.009084 seconds.
Begin MonoManager ReloadAssembly
Native extension for WindowsStandalone target not found
Refreshing native plugins compatible for Editor in 1.74 ms, found 2 plugins.
Preloading 0 native plugins for Editor in 0.00 ms.
Mono: successfully reloaded assembly
- Completed reload, in  2.682 seconds
Platform modules already initialized, skipping
Shader 'Universal Render Pipeline/Particles/Lit': fallback shader 'Universal Render Pipeline/Particles/SimpleLit' not found
Refreshing native plugins compatible for Editor in 1.94 ms, found 2 plugins.
Preloading 0 native plugins for Editor in 0.00 ms.
Unloading 4617 Unused Serialized files (Serialized files now loaded: 0)
System memory in use before: 192.6 MB.
System memory in use after: 192.9 MB.

Unloading 13 unused Assets to reduce memory usage. Loaded Objects now: 5221.
Total: 8.448200 ms (FindLiveObjects: 1.111100 ms CreateObjectMapping: 0.625800 ms MarkObjects: 6.671700 ms  DeleteObjects: 0.037500 ms)

========================================================================
Received Import Request.
  Time since last request: 129.157490 seconds.
  path: Assets/Script/Managers/GameManager.cs
  artifactKey: Guid(29378b155ed206246b55989bb8b3426f) Importer(815301076,1909f56bfc062723c751e8b465ee728b)
Start importing Assets/Script/Managers/GameManager.cs using Guid(29378b155ed206246b55989bb8b3426f) Importer(815301076,1909f56bfc062723c751e8b465ee728b)  -> (artifact id: '5a74326e8da59117063e2c4ab635bcae') in 0.019304 seconds 
========================================================================
Received Prepare
Registering precompiled user dll's ...
Registered in 0.005901 seconds.
Begin MonoManager ReloadAssembly
Native extension for WindowsStandalone target not found
Refreshing native plugins compatible for Editor in 1.17 ms, found 2 plugins.
Preloading 0 native plugins for Editor in 0.00 ms.
Mono: successfully reloaded assembly
- Completed reload, in  2.188 seconds
Platform modules already initialized, skipping
Shader 'Universal Render Pipeline/Particles/Lit': fallback shader 'Universal Render Pipeline/Particles/SimpleLit' not found
Refreshing native plugins compatible for Editor in 1.47 ms, found 2 plugins.
Preloading 0 native plugins for Editor in 0.00 ms.
Unloading 4617 Unused Serialized files (Serialized files now loaded: 0)
System memory in use before: 192.7 MB.
System memory in use after: 192.9 MB.

Unloading 13 unused Assets to reduce memory usage. Loaded Objects now: 5225.
Total: 5.574400 ms (FindLiveObjects: 0.802200 ms CreateObjectMapping: 0.500800 ms MarkObjects: 4.241900 ms  DeleteObjects: 0.026800 ms)

========================================================================
Received Prepare
Registering precompiled user dll's ...
Registered in 0.010108 seconds.
Begin MonoManager ReloadAssembly
Native extension for WindowsStandalone target not found
Refreshing native plugins compatible for Editor in 1.22 ms, found 2 plugins.
Preloading 0 native plugins for Editor in 0.00 ms.
Mono: successfully reloaded assembly
- Completed reload, in  2.346 seconds
Platform modules already initialized, skipping
Shader 'Universal Render Pipeline/Particles/Lit': fallback shader 'Universal Render Pipeline/Particles/SimpleLit' not found
Refreshing native plugins compatible for Editor in 1.98 ms, found 2 plugins.
Preloading 0 native plugins for Editor in 0.00 ms.
Unloading 4617 Unused Serialized files (Serialized files now loaded: 0)
System memory in use before: 192.7 MB.
System memory in use after: 193.0 MB.

Unloading 13 unused Assets to reduce memory usage. Loaded Objects now: 5229.
Total: 5.183300 ms (FindLiveObjects: 0.710300 ms CreateObjectMapping: 0.424000 ms MarkObjects: 4.020400 ms  DeleteObjects: 0.026500 ms)

========================================================================
Received Import Request.
  Time since last request: 370.290125 seconds.
  path: Assets/EvidencePrefab/EviMGR.prefab
  artifactKey: Guid(908445a633830b64798b40556e2df619) Importer(815301076,1909f56bfc062723c751e8b465ee728b)
Start importing Assets/EvidencePrefab/EviMGR.prefab using Guid(908445a633830b64798b40556e2df619) Importer(815301076,1909f56bfc062723c751e8b465ee728b)  -> (artifact id: 'be57c8f046a455428cf397e3bafb4cc3') in 0.099563 seconds 
========================================================================
Received Import Request.
  Time since last request: 0.000491 seconds.
  path: Assets/EvidencePrefab/HandTool.prefab
  artifactKey: Guid(050400a44d30b3b41939440e491451cd) Importer(815301076,1909f56bfc062723c751e8b465ee728b)
Start importing Assets/EvidencePrefab/HandTool.prefab using Guid(050400a44d30b3b41939440e491451cd) Importer(815301076,1909f56bfc062723c751e8b465ee728b)  -> (artifact id: 'aaa2fb92a385e7f8dc1d30262b9af34f') in 0.031829 seconds 
========================================================================
Received Import Request.
  Time since last request: 0.000510 seconds.
  path: Assets/EvidencePrefab/MenuSystem.prefab
  artifactKey: Guid(47a28cd80f5f7a5488d8c226a40ba2c3) Importer(815301076,1909f56bfc062723c751e8b465ee728b)
Start importing Assets/EvidencePrefab/MenuSystem.prefab using Guid(47a28cd80f5f7a5488d8c226a40ba2c3) Importer(815301076,1909f56bfc062723c751e8b465ee728b)  -> (artifact id: 'd32a1299e3f1eb8e95a8acbefe43e6dd') in 0.018546 seconds 
========================================================================
Received Import Request.
  Time since last request: 20.343613 seconds.
  path: Assets/AtrMaterial/渲染
  artifactKey: Guid(354cc94c49f93604d9d4cb216febabc3) Importer(815301076,1909f56bfc062723c751e8b465ee728b)
Start importing Assets/AtrMaterial/渲染 using Guid(354cc94c49f93604d9d4cb216febabc3) Importer(815301076,1909f56bfc062723c751e8b465ee728b)  -> (artifact id: '96316f3985335cef5cba5b71d77ab615') in 0.008955 seconds 
========================================================================
Received Import Request.
  Time since last request: 1.316549 seconds.
  path: Assets/AtrMaterial/物品
  artifactKey: Guid(9cede966f2d1ea9498a51dc4c7155b02) Importer(815301076,1909f56bfc062723c751e8b465ee728b)
Start importing Assets/AtrMaterial/物品 using Guid(9cede966f2d1ea9498a51dc4c7155b02) Importer(815301076,1909f56bfc062723c751e8b465ee728b)  -> (artifact id: '549cee7b2abc6b17a6035af86afe1540') in 0.009041 seconds 
========================================================================
Received Import Request.
  Time since last request: 6.893374 seconds.
  path: Assets/Database/Dialog/物证
  artifactKey: Guid(41b1d059478f1c947a8717240847cff5) Importer(815301076,1909f56bfc062723c751e8b465ee728b)
Start importing Assets/Database/Dialog/物证 using Guid(41b1d059478f1c947a8717240847cff5) Importer(815301076,1909f56bfc062723c751e8b465ee728b)  -> (artifact id: 'a334b05d490465a8845dc6c460187f01') in 0.007394 seconds 
========================================================================
Received Import Request.
  Time since last request: 3.156900 seconds.
  path: Assets/Database/Dialog/侦探/尸体腐烂的臭味.asset
  artifactKey: Guid(63a33f6dcf3208a48aa19847387db5b1) Importer(815301076,1909f56bfc062723c751e8b465ee728b)
Start importing Assets/Database/Dialog/侦探/尸体腐烂的臭味.asset using Guid(63a33f6dcf3208a48aa19847387db5b1) Importer(815301076,1909f56bfc062723c751e8b465ee728b)  -> (artifact id: '2fb631c1652d52bc131cad8c58a002c1') in 0.012032 seconds 
========================================================================
Received Import Request.
  Time since last request: 0.035933 seconds.
  path: Assets/Database/Dialog/侦探/已拍照.asset
  artifactKey: Guid(7631858a87adbf14c9b0a53c61a581e9) Importer(815301076,1909f56bfc062723c751e8b465ee728b)
Start importing Assets/Database/Dialog/侦探/已拍照.asset using Guid(7631858a87adbf14c9b0a53c61a581e9) Importer(815301076,1909f56bfc062723c751e8b465ee728b)  -> (artifact id: '50f7c3fdf17892f69592fa89da80d2a6') in 0.008369 seconds 
========================================================================
Received Import Request.
  Time since last request: 0.000414 seconds.
  path: Assets/Database/Dialog/侦探/进入书架.asset
  artifactKey: Guid(2a61627c0b882a34780ada4f3515e4e1) Importer(815301076,1909f56bfc062723c751e8b465ee728b)
Start importing Assets/Database/Dialog/侦探/进入书架.asset using Guid(2a61627c0b882a34780ada4f3515e4e1) Importer(815301076,1909f56bfc062723c751e8b465ee728b)  -> (artifact id: '478e801ace2b3e574c3d58b365dd7cbd') in 0.009634 seconds 
========================================================================
Received Prepare
Registering precompiled user dll's ...
Registered in 0.011858 seconds.
Begin MonoManager ReloadAssembly
Native extension for WindowsStandalone target not found
Refreshing native plugins compatible for Editor in 1.17 ms, found 2 plugins.
Preloading 0 native plugins for Editor in 0.00 ms.
Mono: successfully reloaded assembly
- Completed reload, in  2.173 seconds
Platform modules already initialized, skipping
Shader 'Universal Render Pipeline/Particles/Lit': fallback shader 'Universal Render Pipeline/Particles/SimpleLit' not found
Refreshing native plugins compatible for Editor in 1.30 ms, found 2 plugins.
Preloading 0 native plugins for Editor in 0.00 ms.
Unloading 4617 Unused Serialized files (Serialized files now loaded: 0)
System memory in use before: 192.8 MB.
System memory in use after: 193.1 MB.

Unloading 13 unused Assets to reduce memory usage. Loaded Objects now: 5235.
Total: 6.744200 ms (FindLiveObjects: 0.564400 ms CreateObjectMapping: 0.315100 ms MarkObjects: 5.824300 ms  DeleteObjects: 0.037300 ms)

========================================================================
Received Prepare
Registering precompiled user dll's ...
Registered in 0.005878 seconds.
Begin MonoManager ReloadAssembly
Native extension for WindowsStandalone target not found
Refreshing native plugins compatible for Editor in 1.86 ms, found 2 plugins.
Preloading 0 native plugins for Editor in 0.00 ms.
Mono: successfully reloaded assembly
- Completed reload, in  2.403 seconds
Platform modules already initialized, skipping
Shader 'Universal Render Pipeline/Particles/Lit': fallback shader 'Universal Render Pipeline/Particles/SimpleLit' not found
Refreshing native plugins compatible for Editor in 1.28 ms, found 2 plugins.
Preloading 0 native plugins for Editor in 0.00 ms.
Unloading 4617 Unused Serialized files (Serialized files now loaded: 0)
System memory in use before: 192.8 MB.
System memory in use after: 193.1 MB.

Unloading 13 unused Assets to reduce memory usage. Loaded Objects now: 5239.
Total: 5.517600 ms (FindLiveObjects: 0.828700 ms CreateObjectMapping: 0.512400 ms MarkObjects: 4.144100 ms  DeleteObjects: 0.029900 ms)

========================================================================
Received Prepare
Registering precompiled user dll's ...
Registered in 0.012219 seconds.
Begin MonoManager ReloadAssembly
Native extension for WindowsStandalone target not found
Refreshing native plugins compatible for Editor in 1.97 ms, found 2 plugins.
Preloading 0 native plugins for Editor in 0.00 ms.
Mono: successfully reloaded assembly
- Completed reload, in  2.592 seconds
Platform modules already initialized, skipping
Shader 'Universal Render Pipeline/Particles/Lit': fallback shader 'Universal Render Pipeline/Particles/SimpleLit' not found
Refreshing native plugins compatible for Editor in 1.63 ms, found 2 plugins.
Preloading 0 native plugins for Editor in 0.00 ms.
Unloading 4617 Unused Serialized files (Serialized files now loaded: 0)
System memory in use before: 192.8 MB.
System memory in use after: 193.1 MB.

Unloading 13 unused Assets to reduce memory usage. Loaded Objects now: 5243.
Total: 5.493200 ms (FindLiveObjects: 0.629100 ms CreateObjectMapping: 0.344800 ms MarkObjects: 4.488900 ms  DeleteObjects: 0.028100 ms)

========================================================================
Received Prepare
Registering precompiled user dll's ...
Registered in 0.005613 seconds.
Begin MonoManager ReloadAssembly
Native extension for WindowsStandalone target not found
Refreshing native plugins compatible for Editor in 1.85 ms, found 2 plugins.
Preloading 0 native plugins for Editor in 0.00 ms.
Mono: successfully reloaded assembly
- Completed reload, in  2.523 seconds
Platform modules already initialized, skipping
Shader 'Universal Render Pipeline/Particles/Lit': fallback shader 'Universal Render Pipeline/Particles/SimpleLit' not found
Refreshing native plugins compatible for Editor in 1.16 ms, found 2 plugins.
Preloading 0 native plugins for Editor in 0.00 ms.
Unloading 4617 Unused Serialized files (Serialized files now loaded: 0)
System memory in use before: 192.8 MB.
System memory in use after: 193.1 MB.

Unloading 13 unused Assets to reduce memory usage. Loaded Objects now: 5247.
Total: 7.900800 ms (FindLiveObjects: 0.821600 ms CreateObjectMapping: 0.511100 ms MarkObjects: 6.521900 ms  DeleteObjects: 0.043100 ms)

========================================================================
Received Prepare
Registering precompiled user dll's ...
Registered in 0.011576 seconds.
Begin MonoManager ReloadAssembly
Native extension for WindowsStandalone target not found
Refreshing native plugins compatible for Editor in 1.17 ms, found 2 plugins.
Preloading 0 native plugins for Editor in 0.00 ms.
Mono: successfully reloaded assembly
- Completed reload, in  2.394 seconds
Platform modules already initialized, skipping
Shader 'Universal Render Pipeline/Particles/Lit': fallback shader 'Universal Render Pipeline/Particles/SimpleLit' not found
Refreshing native plugins compatible for Editor in 1.26 ms, found 2 plugins.
Preloading 0 native plugins for Editor in 0.00 ms.
Unloading 4617 Unused Serialized files (Serialized files now loaded: 0)
System memory in use before: 192.9 MB.
System memory in use after: 193.1 MB.

Unloading 13 unused Assets to reduce memory usage. Loaded Objects now: 5251.
Total: 6.796600 ms (FindLiveObjects: 0.886200 ms CreateObjectMapping: 0.550200 ms MarkObjects: 5.310200 ms  DeleteObjects: 0.047900 ms)

========================================================================
Received Prepare
Registering precompiled user dll's ...
Registered in 0.005878 seconds.
Begin MonoManager ReloadAssembly
Native extension for WindowsStandalone target not found
Refreshing native plugins compatible for Editor in 1.39 ms, found 2 plugins.
Preloading 0 native plugins for Editor in 0.00 ms.
Mono: successfully reloaded assembly
- Completed reload, in  2.279 seconds
Platform modules already initialized, skipping
Shader 'Universal Render Pipeline/Particles/Lit': fallback shader 'Universal Render Pipeline/Particles/SimpleLit' not found
Refreshing native plugins compatible for Editor in 1.82 ms, found 2 plugins.
Preloading 0 native plugins for Editor in 0.00 ms.
Unloading 4617 Unused Serialized files (Serialized files now loaded: 0)
System memory in use before: 192.9 MB.
System memory in use after: 193.1 MB.

Unloading 13 unused Assets to reduce memory usage. Loaded Objects now: 5255.
Total: 4.474400 ms (FindLiveObjects: 0.599600 ms CreateObjectMapping: 0.263100 ms MarkObjects: 3.580600 ms  DeleteObjects: 0.029600 ms)

========================================================================
Received Prepare
Registering precompiled user dll's ...
Registered in 0.005589 seconds.
Begin MonoManager ReloadAssembly
Native extension for WindowsStandalone target not found
Refreshing native plugins compatible for Editor in 1.18 ms, found 2 plugins.
Preloading 0 native plugins for Editor in 0.00 ms.
Mono: successfully reloaded assembly
- Completed reload, in  2.506 seconds
Platform modules already initialized, skipping
Shader 'Universal Render Pipeline/Particles/Lit': fallback shader 'Universal Render Pipeline/Particles/SimpleLit' not found
Refreshing native plugins compatible for Editor in 1.26 ms, found 2 plugins.
Preloading 0 native plugins for Editor in 0.00 ms.
Unloading 4617 Unused Serialized files (Serialized files now loaded: 0)
System memory in use before: 192.9 MB.
System memory in use after: 193.1 MB.

Unloading 13 unused Assets to reduce memory usage. Loaded Objects now: 5259.
Total: 8.097500 ms (FindLiveObjects: 0.776300 ms CreateObjectMapping: 0.315700 ms MarkObjects: 6.960800 ms  DeleteObjects: 0.041500 ms)

========================================================================
Received Import Request.
  Time since last request: 613.573627 seconds.
  path: Assets/Database/Dialog/侦探/进入书架.asset
  artifactKey: Guid(2a61627c0b882a34780ada4f3515e4e1) Importer(815301076,1909f56bfc062723c751e8b465ee728b)
Start importing Assets/Database/Dialog/侦探/进入书架.asset using Guid(2a61627c0b882a34780ada4f3515e4e1) Importer(815301076,1909f56bfc062723c751e8b465ee728b)  -> (artifact id: '9227d1a7586e80afc9327781c807940b') in 0.029352 seconds 
========================================================================
Received Prepare
Registering precompiled user dll's ...
Registered in 0.005623 seconds.
Begin MonoManager ReloadAssembly
Native extension for WindowsStandalone target not found
Refreshing native plugins compatible for Editor in 2.59 ms, found 2 plugins.
Preloading 0 native plugins for Editor in 0.00 ms.
Mono: successfully reloaded assembly
- Completed reload, in  2.761 seconds
Platform modules already initialized, skipping
Shader 'Universal Render Pipeline/Particles/Lit': fallback shader 'Universal Render Pipeline/Particles/SimpleLit' not found
Refreshing native plugins compatible for Editor in 2.23 ms, found 2 plugins.
Preloading 0 native plugins for Editor in 0.00 ms.
Unloading 4617 Unused Serialized files (Serialized files now loaded: 0)
System memory in use before: 193.1 MB.
System memory in use after: 193.3 MB.

Unloading 13 unused Assets to reduce memory usage. Loaded Objects now: 5263.
Total: 5.491200 ms (FindLiveObjects: 0.762900 ms CreateObjectMapping: 0.338500 ms MarkObjects: 4.356800 ms  DeleteObjects: 0.031000 ms)

========================================================================
Received Prepare
Registering precompiled user dll's ...
Registered in 0.006804 seconds.
Begin MonoManager ReloadAssembly
Native extension for WindowsStandalone target not found
Refreshing native plugins compatible for Editor in 1.32 ms, found 2 plugins.
Preloading 0 native plugins for Editor in 0.00 ms.
Mono: successfully reloaded assembly
- Completed reload, in  2.305 seconds
Platform modules already initialized, skipping
Shader 'Universal Render Pipeline/Particles/Lit': fallback shader 'Universal Render Pipeline/Particles/SimpleLit' not found
Refreshing native plugins compatible for Editor in 1.32 ms, found 2 plugins.
Preloading 0 native plugins for Editor in 0.00 ms.
Unloading 4617 Unused Serialized files (Serialized files now loaded: 0)
System memory in use before: 193.1 MB.
System memory in use after: 193.3 MB.

Unloading 13 unused Assets to reduce memory usage. Loaded Objects now: 5267.
Total: 5.137400 ms (FindLiveObjects: 0.724500 ms CreateObjectMapping: 0.214400 ms MarkObjects: 4.166500 ms  DeleteObjects: 0.030600 ms)

========================================================================
Received Prepare
Registering precompiled user dll's ...
Registered in 0.005634 seconds.
Begin MonoManager ReloadAssembly
Native extension for WindowsStandalone target not found
Refreshing native plugins compatible for Editor in 1.34 ms, found 2 plugins.
Preloading 0 native plugins for Editor in 0.00 ms.
Mono: successfully reloaded assembly
- Completed reload, in  2.200 seconds
Platform modules already initialized, skipping
Shader 'Universal Render Pipeline/Particles/Lit': fallback shader 'Universal Render Pipeline/Particles/SimpleLit' not found
Refreshing native plugins compatible for Editor in 1.84 ms, found 2 plugins.
Preloading 0 native plugins for Editor in 0.00 ms.
Unloading 4617 Unused Serialized files (Serialized files now loaded: 0)
System memory in use before: 193.1 MB.
System memory in use after: 193.4 MB.

Unloading 13 unused Assets to reduce memory usage. Loaded Objects now: 5271.
Total: 5.220500 ms (FindLiveObjects: 0.637600 ms CreateObjectMapping: 0.346200 ms MarkObjects: 4.203300 ms  DeleteObjects: 0.032000 ms)

AssetImportWorkerClient::OnTransportError - code=2 error=End of file
